require 'bundler/setup'
import 'lib/tasks/helix_runtime.rake'

task :test => :build do
    require "capybara-test"
    class AssertionError < RuntimeError
    end
    def assert &block
	    raise AssertionError unless yield
    end
    added = ExportedClass.add_and_print(21, 21)
    assert { added == 42 }
    y = ExportedClass.new 1337
    assert { y.get_number == 1337 }

    instance = ExportedClass.new 42

    ExportedClass.no_args()
    ExportedClass.one_arg(42)
    ExportedClass.two_args(42, 1337)

    assert { ExportedClass.no_args_returning() == 42 }
    assert { ExportedClass.one_arg_returning(42) == 42 }
    assert { ExportedClass.two_args_returning(42, 1337) == 42 }

    instance.self_no_args()
    instance.self_one_arg(42)
    instance.self_two_args(42, 1337)

    assert { instance.self_no_args_returning() == 42 }
    assert { instance.self_one_arg_returning(42) == 42 }
    assert { instance.self_two_args_returning(42, 1337) == 42 }

    instance.mut_self_no_args()
    instance.mut_self_one_arg(42)
    instance.mut_self_two_args(42, 1337)

    assert { instance.mut_self_no_args_returning() == 42 }
    assert { instance.mut_self_one_arg_returning(42) == 42 }
    assert { instance.mut_self_two_args_returning(42, 1337) == 42 }
end
