require 'bundler/setup'
import 'lib/tasks/helix_runtime.rake'

task :test => :build do
    require "helix-test"
    class AssertionError < RuntimeError
    end
    def assert &block
	    raise AssertionError unless yield
    end
    x = MyClass.print_and_double 21
    assert { x == 42 }
end
